<?xml version="1.0" encoding="UTF-8"?>
<testsuite xmlns:xsi="http://www.w3.org/2001/XMLSchema-instance" xsi:noNamespaceSchemaLocation="https://maven.apache.org/surefire/maven-surefire-plugin/xsd/surefire-test-report.xsd" version="3.0.2" name="aiss_L3.DailyMotionMiner.ChannelServiceTest" time="10.605" tests="1" errors="0" skipped="0" failures="0" flakes="0">
  <properties>
[...]
</properties>
  <testcase name="testRealDailyMotionDataExtraction" classname="aiss_L3.DailyMotionMiner.ChannelServiceTest" time="1.537">
    <system-out><![CDATA[2026-05-06T20:29:01.051+02:00  INFO 12192 --- [DailyMotionMiner] [           main] t.c.s.AnnotationConfigContextLoaderUtils : Could not detect default configuration classes for test class [aiss_L3.DailyMotionMiner.ChannelServiceTest]: ChannelServiceTest does not declare any static, non-private, non-final, nested classes annotated with @Configuration.
2026-05-06T20:29:01.060+02:00  INFO 12192 --- [DailyMotionMiner] [           main] .b.t.c.SpringBootTestContextBootstrapper : Found @SpringBootConfiguration aiss_L3.DailyMotionMiner.DailyMotionMinerApplication for test class aiss_L3.DailyMotionMiner.ChannelServiceTest

  .   ____          _            __ _ _
 /\\ / ___'_ __ _ _(_)_ __  __ _ \ \ \ \
( ( )\___ | '_ | '_| | '_ \/ _` | \ \ \ \
 \\/  ___)| |_)| | | | | || (_| |  ) ) ) )
  '  |____| .__|_| |_|_| |_\__, | / / / /
 =========|_|==============|___/=/_/_/_/

 :: Spring Boot ::               (v3.5.13)

2026-05-06T20:29:01.185+02:00  INFO 12192 --- [DailyMotionMiner] [           main] a.DailyMotionMiner.ChannelServiceTest    : Starting ChannelServiceTest using Java 21.0.11 with PID 12192 (started by termi in C:\UNI\AISS\proyectoIntegr\DailyMotionMiner)
2026-05-06T20:29:01.185+02:00  INFO 12192 --- [DailyMotionMiner] [           main] a.DailyMotionMiner.ChannelServiceTest    : No active profile set, falling back to 1 default profile: "default"
2026-05-06T20:29:02.717+02:00  INFO 12192 --- [DailyMotionMiner] [           main] .s.d.r.c.RepositoryConfigurationDelegate : Bootstrapping Spring Data JPA repositories in DEFAULT mode.
2026-05-06T20:29:02.811+02:00  INFO 12192 --- [DailyMotionMiner] [           main] .s.d.r.c.RepositoryConfigurationDelegate : Finished Spring Data repository scanning in 34 ms. Found 0 JPA repository interfaces.
2026-05-06T20:29:03.805+02:00  INFO 12192 --- [DailyMotionMiner] [           main] com.zaxxer.hikari.HikariDataSource       : HikariPool-1 - Starting...
2026-05-06T20:29:04.426+02:00  INFO 12192 --- [DailyMotionMiner] [           main] com.zaxxer.hikari.pool.HikariPool        : HikariPool-1 - Added connection conn0: url=jdbc:h2:mem:cda8035f-905f-42bf-aa5e-e31ff292228c user=SA
2026-05-06T20:29:04.433+02:00  INFO 12192 --- [DailyMotionMiner] [           main] com.zaxxer.hikari.HikariDataSource       : HikariPool-1 - Start completed.
2026-05-06T20:29:04.589+02:00  INFO 12192 --- [DailyMotionMiner] [           main] o.hibernate.jpa.internal.util.LogHelper  : HHH000204: Processing PersistenceUnitInfo [name: default]
2026-05-06T20:29:04.897+02:00  INFO 12192 --- [DailyMotionMiner] [           main] org.hibernate.Version                    : HHH000412: Hibernate ORM core version 6.6.45.Final
2026-05-06T20:29:05.038+02:00  INFO 12192 --- [DailyMotionMiner] [           main] o.h.c.internal.RegionFactoryInitiator    : HHH000026: Second-level cache disabled
2026-05-06T20:29:05.371+02:00  INFO 12192 --- [DailyMotionMiner] [           main] o.s.o.j.p.SpringPersistenceUnitInfo      : No LoadTimeWeaver setup: ignoring JPA class transformer
2026-05-06T20:29:05.618+02:00  INFO 12192 --- [DailyMotionMiner] [           main] org.hibernate.orm.connections.pooling    : HHH10001005: Database info:
	Database JDBC URL [Connecting through datasource 'HikariDataSource (HikariPool-1)']
	Database driver: undefined/unknown
	Database version: 2.3.232
	Autocommit mode: undefined/unknown
	Isolation level: undefined/unknown
	Minimum pool size: undefined/unknown
	Maximum pool size: undefined/unknown
2026-05-06T20:29:08.417+02:00  INFO 12192 --- [DailyMotionMiner] [           main] o.h.e.t.j.p.i.JtaPlatformInitiator       : HHH000489: No JTA platform available (set 'hibernate.transaction.jta.platform' to enable JTA platform integration)
2026-05-06T20:29:08.531+02:00  INFO 12192 --- [DailyMotionMiner] [           main] j.LocalContainerEntityManagerFactoryBean : Initialized JPA EntityManagerFactory for persistence unit 'default'
2026-05-06T20:29:09.235+02:00  WARN 12192 --- [DailyMotionMiner] [           main] JpaBaseConfiguration$JpaWebConfiguration : spring.jpa.open-in-view is enabled by default. Therefore, database queries may be performed during view rendering. Explicitly configure spring.jpa.open-in-view to disable this warning
2026-05-06T20:29:10.102+02:00  INFO 12192 --- [DailyMotionMiner] [           main] a.DailyMotionMiner.ChannelServiceTest    : Started ChannelServiceTest in 9.013 seconds (process running for 21.866)
2026-05-06T20:29:10.104+02:00  WARN 12192 --- [DailyMotionMiner] [           main] o.s.core.events.SpringDocAppInitializer  : SpringDoc /v3/api-docs endpoint is enabled by default. To disable it in production, set the property 'springdoc.api-docs.enabled=false'
2026-05-06T20:29:10.104+02:00  WARN 12192 --- [DailyMotionMiner] [           main] o.s.core.events.SpringDocAppInitializer  : SpringDoc /swagger-ui.html endpoint is enabled by default. To disable it in production, set the property 'springdoc.swagger-ui.enabled=false'

=======================================================
🚀 INICIANDO TEST DE INTEGRACIÓN REAL CON DAILYMOTION
=======================================================

✅ Se han extraído 10 canales correctamente. Buscando vídeos...

=======================================================
✅ Canal con vídeos encontrado: Channel{id='animals', name='Animales', description='Todos los vídeos de animales, desde los divertidos vídeos caseros de gatos y perros hasta los grandes documentales de la naturaleza. Aprende todo acerca de la vida salvaje y las especies más exóticas.', createdTime='2011-09-27T08:19:22Z', videos=[Video{id='xa876ly', name='Así dispara el Gobierno el coste del control de especies protegidas con Tragsa', description='El Ejecutivo de Pedro Sánchez ha destinado al menos 16,5 millones de euros a contratos con Tragsa para gestión de CITES en apenas 4 años.', releaseTime='2026-05-05T22:00:00Z', author=User{id='null', name='Libertad Digital Espana', user_link='https://www.dailymotion.com/LDEspana', picture_link='https://s1.dmcdn.net/u/86dxy1f-ssC1kFTw1/720x720'}, comments=[], captions=[]}]}
-------------------------------------------------------
📺 DATOS DEL CANAL (Usuario Dailymotion)
-------------------------------------------------------
ID:          animals
Nombre:      Animales
Descripción: Todos los vídeos de animales, desde los divertidos vídeos caseros de gatos y perros hasta los grandes documentales de la naturaleza. Aprende todo acerca de la vida salvaje y las especies más exóticas.
Fecha Creación: 2011-09-27T08:19:22Z

-------------------------------------------------------
🎬 DATOS DEL VÍDEO
-------------------------------------------------------
ID:          xa876ly
Título:      Así dispara el Gobierno el coste del control de especies protegidas con Tragsa
Descripción: El Ejecutivo de Pedro Sánchez ha destinado al menos 16,5 millones de euros a contratos con Tragsa para gestión de CITES en apenas 4 años.
Fecha Salida:2026-05-05T22:00:00Z

-------------------------------------------------------
📝 DATOS DEL SUBTÍTULO (Caption)
-------------------------------------------------------
⚠️ Este vídeo no tiene subtítulos.

-------------------------------------------------------
💬 DATOS DEL COMENTARIO (Generado desde los Tags)
-------------------------------------------------------
⚠️ Este vídeo no tiene tags/comentarios.
=======================================================

]]></system-out>
  </testcase>
</testsuite>