<?xml version="1.0" encoding="UTF-8"?>
<testsuite xmlns:xsi="http://www.w3.org/2001/XMLSchema-instance" xsi:noNamespaceSchemaLocation="https://maven.apache.org/surefire/maven-surefire-plugin/xsd/surefire-test-report.xsd" version="3.0.2" name="aiss_L3.DailyMotionMiner.ChannelServiceTest" time="14.444" tests="1" errors="0" skipped="0" failures="0" flakes="0">
  <properties>
[...]
</properties>
  <testcase name="testRealDailyMotionDataExtraction" classname="aiss_L3.DailyMotionMiner.ChannelServiceTest" time="7.13">
    <system-out><![CDATA[19:03:30.404 [main] INFO org.springframework.test.context.support.AnnotationConfigContextLoaderUtils -- Could not detect default configuration classes for test class [aiss_L3.DailyMotionMiner.ChannelServiceTest]: ChannelServiceTest does not declare any static, non-private, non-final, nested classes annotated with @Configuration.
19:03:30.650 [main] INFO org.springframework.boot.test.context.SpringBootTestContextBootstrapper -- Found @SpringBootConfiguration aiss_L3.DailyMotionMiner.DailyMotionMinerApplication for test class aiss_L3.DailyMotionMiner.ChannelServiceTest

  .   ____          _            __ _ _
 /\\ / ___'_ __ _ _(_)_ __  __ _ \ \ \ \
( ( )\___ | '_ | '_| | '_ \/ _` | \ \ \ \
 \\/  ___)| |_)| | | | | || (_| |  ) ) ) )
  '  |____| .__|_| |_|_| |_\__, | / / / /
 =========|_|==============|___/=/_/_/_/

 :: Spring Boot ::               (v3.5.13)

2026-05-03T19:03:31.358+02:00  INFO 21140 --- [DailyMotionMiner] [           main] a.DailyMotionMiner.ChannelServiceTest    : Starting ChannelServiceTest using Java 23.0.1 with PID 21140 (started by nacho in C:\Users\nacho\OneDrive\Escritorio\AISS-PROYECTO-INTEGRACION-GVQ3141\PruebaPeerTube\ProyectoIntegracion-AISS-2025_26\DailyMotionMiner)
2026-05-03T19:03:31.360+02:00  INFO 21140 --- [DailyMotionMiner] [           main] a.DailyMotionMiner.ChannelServiceTest    : No active profile set, falling back to 1 default profile: "default"
2026-05-03T19:03:32.693+02:00  INFO 21140 --- [DailyMotionMiner] [           main] .s.d.r.c.RepositoryConfigurationDelegate : Bootstrapping Spring Data JPA repositories in DEFAULT mode.
2026-05-03T19:03:32.731+02:00  INFO 21140 --- [DailyMotionMiner] [           main] .s.d.r.c.RepositoryConfigurationDelegate : Finished Spring Data repository scanning in 23 ms. Found 0 JPA repository interfaces.
2026-05-03T19:03:33.410+02:00  INFO 21140 --- [DailyMotionMiner] [           main] com.zaxxer.hikari.HikariDataSource       : HikariPool-1 - Starting...
2026-05-03T19:03:33.703+02:00  INFO 21140 --- [DailyMotionMiner] [           main] com.zaxxer.hikari.pool.HikariPool        : HikariPool-1 - Added connection conn0: url=jdbc:h2:mem:95e4f2cf-9a52-4474-b17d-372b34a1dc0e user=SA
2026-05-03T19:03:33.705+02:00  INFO 21140 --- [DailyMotionMiner] [           main] com.zaxxer.hikari.HikariDataSource       : HikariPool-1 - Start completed.
2026-05-03T19:03:33.872+02:00  INFO 21140 --- [DailyMotionMiner] [           main] o.hibernate.jpa.internal.util.LogHelper  : HHH000204: Processing PersistenceUnitInfo [name: default]
2026-05-03T19:03:34.053+02:00  INFO 21140 --- [DailyMotionMiner] [           main] org.hibernate.Version                    : HHH000412: Hibernate ORM core version 6.6.45.Final
2026-05-03T19:03:34.160+02:00  INFO 21140 --- [DailyMotionMiner] [           main] o.h.c.internal.RegionFactoryInitiator    : HHH000026: Second-level cache disabled
2026-05-03T19:03:34.611+02:00  INFO 21140 --- [DailyMotionMiner] [           main] o.s.o.j.p.SpringPersistenceUnitInfo      : No LoadTimeWeaver setup: ignoring JPA class transformer
2026-05-03T19:03:34.720+02:00  INFO 21140 --- [DailyMotionMiner] [           main] org.hibernate.orm.connections.pooling    : HHH10001005: Database info:
	Database JDBC URL [Connecting through datasource 'HikariDataSource (HikariPool-1)']
	Database driver: undefined/unknown
	Database version: 2.3.232
	Autocommit mode: undefined/unknown
	Isolation level: undefined/unknown
	Minimum pool size: undefined/unknown
	Maximum pool size: undefined/unknown
2026-05-03T19:03:35.998+02:00  INFO 21140 --- [DailyMotionMiner] [           main] o.h.e.t.j.p.i.JtaPlatformInitiator       : HHH000489: No JTA platform available (set 'hibernate.transaction.jta.platform' to enable JTA platform integration)
2026-05-03T19:03:36.067+02:00  INFO 21140 --- [DailyMotionMiner] [           main] j.LocalContainerEntityManagerFactoryBean : Initialized JPA EntityManagerFactory for persistence unit 'default'
2026-05-03T19:03:36.321+02:00  WARN 21140 --- [DailyMotionMiner] [           main] JpaBaseConfiguration$JpaWebConfiguration : spring.jpa.open-in-view is enabled by default. Therefore, database queries may be performed during view rendering. Explicitly configure spring.jpa.open-in-view to disable this warning
2026-05-03T19:03:37.431+02:00  INFO 21140 --- [DailyMotionMiner] [           main] a.DailyMotionMiner.ChannelServiceTest    : Started ChannelServiceTest in 6.503 seconds (process running for 8.59)

=======================================================
🚀 INICIANDO TEST DE INTEGRACIÓN REAL CON DAILYMOTION
=======================================================

✅ Se han extraído 10 canales correctamente. Buscando vídeos...

2026-05-03T19:03:39.734+02:00  WARN 21140 --- [DailyMotionMiner] [           main] a.D.services.ChannelService              : Skipping video xa7slgu for channel animals due to error: 400 Bad Request on GET request for "https://api.dailymotion.com/video/xa7slgu/subtitles": "{"error":{"more_info":"https:\/\/developer.dailymotion.com\/api#error-codes","code":400,"message":"Unrecognized value (format), allowed values are (id, item_type, language, language_label, url) at index #4 for `fields' parameter","type":"invalid_parameter","error_data":{"reason":"unrecognized_value","param":"fields"}}}"
2026-05-03T19:03:40.219+02:00  WARN 21140 --- [DailyMotionMiner] [           main] a.D.services.ChannelService              : Skipping video xa7vtim for channel webcam due to error: 400 Bad Request on GET request for "https://api.dailymotion.com/video/xa7vtim/subtitles": "{"error":{"more_info":"https:\/\/developer.dailymotion.com\/api#error-codes","code":400,"message":"Unrecognized value (format), allowed values are (id, item_type, language, language_label, url) at index #4 for `fields' parameter","type":"invalid_parameter","error_data":{"reason":"unrecognized_value","param":"fields"}}}"
2026-05-03T19:03:40.896+02:00  WARN 21140 --- [DailyMotionMiner] [           main] a.D.services.ChannelService              : Skipping video xa7yjd2 for channel people due to error: 400 Bad Request on GET request for "https://api.dailymotion.com/video/xa7yjd2/subtitles": "{"error":{"more_info":"https:\/\/developer.dailymotion.com\/api#error-codes","code":400,"message":"Unrecognized value (format), allowed values are (id, item_type, language, language_label, url) at index #4 for `fields' parameter","type":"invalid_parameter","error_data":{"reason":"unrecognized_value","param":"fields"}}}"
2026-05-03T19:03:41.339+02:00  WARN 21140 --- [DailyMotionMiner] [           main] a.D.services.ChannelService              : Skipping video xa7y8ma for channel fun due to error: 400 Bad Request on GET request for "https://api.dailymotion.com/video/xa7y8ma/subtitles": "{"error":{"more_info":"https:\/\/developer.dailymotion.com\/api#error-codes","code":400,"message":"Unrecognized value (format), allowed values are (id, item_type, language, language_label, url) at index #4 for `fields' parameter","type":"invalid_parameter","error_data":{"reason":"unrecognized_value","param":"fields"}}}"
2026-05-03T19:03:41.792+02:00  WARN 21140 --- [DailyMotionMiner] [           main] a.D.services.ChannelService              : Skipping video xa7u2pa for channel creation due to error: 400 Bad Request on GET request for "https://api.dailymotion.com/video/xa7u2pa/subtitles": "{"error":{"more_info":"https:\/\/developer.dailymotion.com\/api#error-codes","code":400,"message":"Unrecognized value (format), allowed values are (id, item_type, language, language_label, url) at index #4 for `fields' parameter","type":"invalid_parameter","error_data":{"reason":"unrecognized_value","param":"fields"}}}"
2026-05-03T19:03:42.225+02:00  WARN 21140 --- [DailyMotionMiner] [           main] a.D.services.ChannelService              : Skipping video xa7yf3i for channel school due to error: 400 Bad Request on GET request for "https://api.dailymotion.com/video/xa7yf3i/subtitles": "{"error":{"more_info":"https:\/\/developer.dailymotion.com\/api#error-codes","code":400,"message":"Unrecognized value (format), allowed values are (id, item_type, language, language_label, url) at index #4 for `fields' parameter","type":"invalid_parameter","error_data":{"reason":"unrecognized_value","param":"fields"}}}"
2026-05-03T19:03:43.079+02:00  WARN 21140 --- [DailyMotionMiner] [           main] a.D.services.ChannelService              : Skipping video xa7yitu for channel lifestyle due to error: 400 Bad Request on GET request for "https://api.dailymotion.com/video/xa7yitu/subtitles": "{"error":{"more_info":"https:\/\/developer.dailymotion.com\/api#error-codes","code":400,"message":"Unrecognized value (format), allowed values are (id, item_type, language, language_label, url) at index #4 for `fields' parameter","type":"invalid_parameter","error_data":{"reason":"unrecognized_value","param":"fields"}}}"
2026-05-03T19:03:43.493+02:00  WARN 21140 --- [DailyMotionMiner] [           main] a.D.services.ChannelService              : Skipping video xa7ld2q for channel auto due to error: 400 Bad Request on GET request for "https://api.dailymotion.com/video/xa7ld2q/subtitles": "{"error":{"more_info":"https:\/\/developer.dailymotion.com\/api#error-codes","code":400,"message":"Unrecognized value (format), allowed values are (id, item_type, language, language_label, url) at index #4 for `fields' parameter","type":"invalid_parameter","error_data":{"reason":"unrecognized_value","param":"fields"}}}"
2026-05-03T19:03:44.110+02:00  WARN 21140 --- [DailyMotionMiner] [           main] a.D.services.ChannelService              : Skipping video xa7yiq2 for channel shortfilms due to error: 400 Bad Request on GET request for "https://api.dailymotion.com/video/xa7yiq2/subtitles": "{"error":{"more_info":"https:\/\/developer.dailymotion.com\/api#error-codes","code":400,"message":"Unrecognized value (format), allowed values are (id, item_type, language, language_label, url) at index #4 for `fields' parameter","type":"invalid_parameter","error_data":{"reason":"unrecognized_value","param":"fields"}}}"
2026-05-03T19:03:44.593+02:00  WARN 21140 --- [DailyMotionMiner] [           main] a.D.services.ChannelService              : Skipping video xa7w53q for channel music due to error: 400 Bad Request on GET request for "https://api.dailymotion.com/video/xa7w53q/subtitles": "{"error":{"more_info":"https:\/\/developer.dailymotion.com\/api#error-codes","code":400,"message":"Unrecognized value (format), allowed values are (id, item_type, language, language_label, url) at index #4 for `fields' parameter","type":"invalid_parameter","error_data":{"reason":"unrecognized_value","param":"fields"}}}"
⚠️ Se revisaron 10 canales, pero ninguno tenía vídeos públicos accesibles.
]]></system-out>
    <system-err><![CDATA[Mockito is currently self-attaching to enable the inline-mock-maker. This will no longer work in future releases of the JDK. Please add Mockito as an agent to your build as described in Mockito's documentation: https://javadoc.io/doc/org.mockito/mockito-core/latest/org.mockito/org/mockito/Mockito.html#0.3
WARNING: A Java agent has been loaded dynamically (C:\Users\nacho\.m2\repository\net\bytebuddy\byte-buddy-agent\1.17.8\byte-buddy-agent-1.17.8.jar)
WARNING: If a serviceability tool is in use, please run with -XX:+EnableDynamicAgentLoading to hide this warning
WARNING: If a serviceability tool is not in use, please run with -Djdk.instrument.traceUsage for more information
WARNING: Dynamic loading of agents will be disallowed by default in a future release
]]></system-err>
  </testcase>
</testsuite>