-------------------------------------------------------------------------------
Test set: aiss_L3.PeerTubeMiner.VideoServiceTest
-------------------------------------------------------------------------------
Tests run: 2, Failures: 0, Errors: 2, Skipped: 0, Time elapsed: 5.636 s <<< FAILURE! -- in aiss_L3.PeerTubeMiner.VideoServiceTest
aiss_L3.PeerTubeMiner.VideoServiceTest.getVideos -- Time elapsed: 2.156 s <<< ERROR!
org.springframework.web.client.HttpClientErrorException$TooManyRequests: 429 Too Many Requests on GET request for "https://peertube.cpy.re/api/v1/videos/dfd70b83-639f-4980-94af-304a56ab4b35/captions": "Too many requests, please try again later."
	at org.springframework.web.client.HttpClientErrorException.create(HttpClientErrorException.java:130)
	at org.springframework.web.client.DefaultResponseErrorHandler.handleError(DefaultResponseErrorHandler.java:186)
	at org.springframework.web.client.DefaultResponseErrorHandler.handleError(DefaultResponseErrorHandler.java:147)
	at org.springframework.web.client.RestTemplate.handleResponse(RestTemplate.java:953)
	at org.springframework.web.client.RestTemplate.doExecute(RestTemplate.java:902)
	at org.springframework.web.client.RestTemplate.execute(RestTemplate.java:801)
	at org.springframework.web.client.RestTemplate.getForObject(RestTemplate.java:415)
	at aiss_L3.PeerTubeMiner.services.VideoService.getVideoById(VideoService.java:69)
	at aiss_L3.PeerTubeMiner.services.VideoService.getVideos(VideoService.java:41)
	at aiss_L3.PeerTubeMiner.VideoServiceTest.getVideos(VideoServiceTest.java:62)
	at java.base/java.lang.reflect.Method.invoke(Method.java:580)
	at java.base/java.util.ArrayList.forEach(ArrayList.java:1597)
	at java.base/java.util.ArrayList.forEach(ArrayList.java:1597)

aiss_L3.PeerTubeMiner.VideoServiceTest.getVideoById -- Time elapsed: 0.060 s <<< ERROR!
org.springframework.web.client.HttpClientErrorException$TooManyRequests: 429 Too Many Requests on GET request for "https://peertube.cpy.re/api/v1/videos/9c9de5e8-0a11-4cd4-a9d7-36eeb536349c": "Too many requests, please try again later."
	at org.springframework.web.client.HttpClientErrorException.create(HttpClientErrorException.java:130)
	at org.springframework.web.client.DefaultResponseErrorHandler.handleError(DefaultResponseErrorHandler.java:186)
	at org.springframework.web.client.DefaultResponseErrorHandler.handleError(DefaultResponseErrorHandler.java:147)
	at org.springframework.web.client.RestTemplate.handleResponse(RestTemplate.java:953)
	at org.springframework.web.client.RestTemplate.doExecute(RestTemplate.java:902)
	at org.springframework.web.client.RestTemplate.execute(RestTemplate.java:801)
	at org.springframework.web.client.RestTemplate.getForObject(RestTemplate.java:415)
	at aiss_L3.PeerTubeMiner.services.VideoService.getVideoById(VideoService.java:51)
	at aiss_L3.PeerTubeMiner.VideoServiceTest.getVideoById(VideoServiceTest.java:32)
	at java.base/java.lang.reflect.Method.invoke(Method.java:580)
	at java.base/java.util.ArrayList.forEach(ArrayList.java:1597)
	at java.base/java.util.ArrayList.forEach(ArrayList.java:1597)

