<?xml version="1.0" encoding="UTF-8"?>
<testsuite xmlns:xsi="http://www.w3.org/2001/XMLSchema-instance" xsi:noNamespaceSchemaLocation="https://maven.apache.org/surefire/maven-surefire-plugin/xsd/surefire-test-report.xsd" version="3.0.2" name="aiss_L3.PeerTubeMiner.videominer.VideoServiceTest" time="8.581" tests="2" errors="0" skipped="0" failures="0" flakes="0">
  <properties>
[...]
</properties>
  <testcase name="testGetVideoById" classname="aiss_L3.PeerTubeMiner.videominer.VideoServiceTest" time="1.302">
    <system-out><![CDATA[11:43:16.752 [main] INFO org.springframework.test.context.support.AnnotationConfigContextLoaderUtils -- Could not detect default configuration classes for test class [aiss_L3.PeerTubeMiner.videominer.VideoServiceTest]: VideoServiceTest does not declare any static, non-private, non-final, nested classes annotated with @Configuration.
11:43:16.967 [main] INFO org.springframework.boot.test.context.SpringBootTestContextBootstrapper -- Found @SpringBootConfiguration aiss_L3.PeerTubeMiner.PeerTubeMinerApplication for test class aiss_L3.PeerTubeMiner.videominer.VideoServiceTest

  .   ____          _            __ _ _
 /\\ / ___'_ __ _ _(_)_ __  __ _ \ \ \ \
( ( )\___ | '_ | '_| | '_ \/ _` | \ \ \ \
 \\/  ___)| |_)| | | | | || (_| |  ) ) ) )
  '  |____| .__|_| |_|_| |_\__, | / / / /
 =========|_|==============|___/=/_/_/_/

 :: Spring Boot ::               (v3.5.13)

2026-04-19T11:43:17.628+02:00  INFO 544 --- [PeerTubeMiner] [           main] a.P.videominer.VideoServiceTest          : Starting VideoServiceTest using Java 23.0.1 with PID 544 (started by nacho in C:\Users\nacho\OneDrive\Escritorio\AISS-PROYECTO-INTEGRACION-GVQ3141\PeerTubeMiner)
2026-04-19T11:43:17.630+02:00  INFO 544 --- [PeerTubeMiner] [           main] a.P.videominer.VideoServiceTest          : No active profile set, falling back to 1 default profile: "default"
2026-04-19T11:43:18.749+02:00  INFO 544 --- [PeerTubeMiner] [           main] .s.d.r.c.RepositoryConfigurationDelegate : Bootstrapping Spring Data JPA repositories in DEFAULT mode.
2026-04-19T11:43:18.788+02:00  INFO 544 --- [PeerTubeMiner] [           main] .s.d.r.c.RepositoryConfigurationDelegate : Finished Spring Data repository scanning in 22 ms. Found 0 JPA repository interfaces.
2026-04-19T11:43:19.446+02:00  INFO 544 --- [PeerTubeMiner] [           main] com.zaxxer.hikari.HikariDataSource       : HikariPool-1 - Starting...
2026-04-19T11:43:19.718+02:00  INFO 544 --- [PeerTubeMiner] [           main] com.zaxxer.hikari.pool.HikariPool        : HikariPool-1 - Added connection conn0: url=jdbc:h2:mem:de35b985-8be3-4411-ac01-a6489dc1457f user=SA
2026-04-19T11:43:19.721+02:00  INFO 544 --- [PeerTubeMiner] [           main] com.zaxxer.hikari.HikariDataSource       : HikariPool-1 - Start completed.
2026-04-19T11:43:19.801+02:00  INFO 544 --- [PeerTubeMiner] [           main] o.hibernate.jpa.internal.util.LogHelper  : HHH000204: Processing PersistenceUnitInfo [name: default]
2026-04-19T11:43:19.925+02:00  INFO 544 --- [PeerTubeMiner] [           main] org.hibernate.Version                    : HHH000412: Hibernate ORM core version 6.6.45.Final
2026-04-19T11:43:19.987+02:00  INFO 544 --- [PeerTubeMiner] [           main] o.h.c.internal.RegionFactoryInitiator    : HHH000026: Second-level cache disabled
2026-04-19T11:43:20.488+02:00  INFO 544 --- [PeerTubeMiner] [           main] o.s.o.j.p.SpringPersistenceUnitInfo      : No LoadTimeWeaver setup: ignoring JPA class transformer
2026-04-19T11:43:20.594+02:00  INFO 544 --- [PeerTubeMiner] [           main] org.hibernate.orm.connections.pooling    : HHH10001005: Database info:
	Database JDBC URL [Connecting through datasource 'HikariDataSource (HikariPool-1)']
	Database driver: undefined/unknown
	Database version: 2.3.232
	Autocommit mode: undefined/unknown
	Isolation level: undefined/unknown
	Minimum pool size: undefined/unknown
	Maximum pool size: undefined/unknown
2026-04-19T11:43:21.868+02:00  INFO 544 --- [PeerTubeMiner] [           main] o.h.e.t.j.p.i.JtaPlatformInitiator       : HHH000489: No JTA platform available (set 'hibernate.transaction.jta.platform' to enable JTA platform integration)
2026-04-19T11:43:21.936+02:00  INFO 544 --- [PeerTubeMiner] [           main] j.LocalContainerEntityManagerFactoryBean : Initialized JPA EntityManagerFactory for persistence unit 'default'
2026-04-19T11:43:22.190+02:00  WARN 544 --- [PeerTubeMiner] [           main] JpaBaseConfiguration$JpaWebConfiguration : spring.jpa.open-in-view is enabled by default. Therefore, database queries may be performed during view rendering. Explicitly configure spring.jpa.open-in-view to disable this warning
2026-04-19T11:43:23.355+02:00  INFO 544 --- [PeerTubeMiner] [           main] a.P.videominer.VideoServiceTest          : Started VideoServiceTest in 6.115 seconds (process running for 7.705)
GET video by ID: Video{id='dfd70b83-639f-4980-94af-304a56ab4b35', name='Tuto Toubo: Nextcloud #2 _ Présentation Nextcloud', description='Tuto Toubo: Capsule tutorielle pour l'enseignant de premier degré
"Utiliser le service académique Nextcloud Partie 2. Présentation et utilisation de base du service Nextcloud"

Réalisation mission numérique dsden45', releaseTime='2021-05-05T13:26:01.028Z', author=null, comments=null, captions=null}
]]></system-out>
    <system-err><![CDATA[Mockito is currently self-attaching to enable the inline-mock-maker. This will no longer work in future releases of the JDK. Please add Mockito as an agent to your build as described in Mockito's documentation: https://javadoc.io/doc/org.mockito/mockito-core/latest/org.mockito/org/mockito/Mockito.html#0.3
WARNING: A Java agent has been loaded dynamically (C:\Users\nacho\.m2\repository\net\bytebuddy\byte-buddy-agent\1.17.8\byte-buddy-agent-1.17.8.jar)
WARNING: If a serviceability tool is in use, please run with -XX:+EnableDynamicAgentLoading to hide this warning
WARNING: If a serviceability tool is not in use, please run with -Djdk.instrument.traceUsage for more information
WARNING: Dynamic loading of agents will be disallowed by default in a future release
]]></system-err>
  </testcase>
  <testcase name="testGetVideos" classname="aiss_L3.PeerTubeMiner.videominer.VideoServiceTest" time="0.414">
    <system-out><![CDATA[GET videos: [Video{id='dfd70b83-639f-4980-94af-304a56ab4b35', name='Tuto Toubo: Nextcloud #2 _ Présentation Nextcloud', description='Tuto Toubo: Capsule tutorielle pour l'enseignant de premier degré
"Utiliser le service académique Nextcloud Partie 2. Présentation et utilisation de base du service Nextcloud"

Réalisation mission numérique dsden45', releaseTime='2021-05-05T13:26:01.028Z', author=null, comments=null, captions=null}, Video{id='cd0ba4ee-9763-44b4-a66f-3550eaf987ba', name='Nextcloud 21 collaboration features screencast', description='In this video, Jan demonstrates some of our new collaboration features in Nextcloud 21! Learn more in our announcement blog:
https://nextcloud.com/blog/nextcloud-hub-21-out-with-up-to-10x-better-performance-whiteboard-and-more-collaboration-featu...', releaseTime='2021-05-05T07:10:24.006Z', author=null, comments=null, captions=null}, Video{id='f8a4b32d-0bf1-48ed-af9f-d8c5d87efedb', name='The PeerTube Kodi addon in action', description='This video shows the __PeerTube Kodi addon__ in action.

It is still in alpha/pre-alpha stage but it's already mostly functional.

The PeerTube Kodi addon's source code can be found here: https://framagit.org/StCyr/plugin.video.peertube. Any h...', releaseTime='2018-08-02T13:55:13.338Z', author=null, comments=null, captions=null}, Video{id='7024ae74-80a9-4e1d-8ede-cc11a470e131', name='« Contributopia », Dégoogliser ne suffit pas (Toulouse, novembre 2017)', description='En octobre 2014, l'association Framasoft lançait un pari un peu fou : « Et si on dégooglisait Internet ? ».
Ce (modeste) plan de libération du monde visait, en 3 ans à :
* sensibiliser le public sur la question de la centralisation des données, ...', releaseTime='2018-03-09T10:57:11.966Z', author=null, comments=null, captions=null}, Video{id='1174e225-1a2e-4e6c-8ab4-1b709cd46978', name='Créer le site de votre association avec les pages Framasite', description='Voici un tuto pour créer votre page Framasite pour présenter votre association. 
Pour créer votre site, c'est ici: https://frama.site 
Pour voir le résultat du site d'exemple, c'est ici : https://association-exemple.frama.site', releaseTime='2018-02-13T15:57:15.666Z', author=null, comments=null, captions=null}, Video{id='bc5b5ab6-b322-43c3-8881-0d4f17974ca6', name='Découvrir Framasite', description=' Découvrez Framasite, le dernier né des outils Framasoft pour créer un site internet de qualité en toute simplicité.', releaseTime='2018-02-09T09:16:13.086Z', author=null, comments=null, captions=null}, Video{id='e8a1af4e-414a-4d58-bfe6-2146eed06d10', name='PeerTube : préparer l'alternative à Youtube - HS - Monsieur Bidouille', description='Ce HS nouvelle formule s'attaque à PeerTube, un projet de plateforme décentralisée libre soutenu par Framasoft. Comment ça marche, que faut-il en attendre, et en quoi c'est intéressant ? 

**Chaîne de Monsieur Bidouille :** https://www.youtube.com...', releaseTime='2018-01-17T17:09:08.500Z', author=null, comments=null, captions=null}, Video{id='84b9ff3a-c4b8-4416-a0c4-09e0ea187127', name='Morning Storm', description='http://www.beachfrontbroll.com/2015/09/free-footage-of-a-mountain-storm-approach.html#more', releaseTime='2018-01-12T15:12:50.379Z', author=null, comments=null, captions=null}, Video{id='8c623bb4-72ac-4c35-a128-8adce2313f8f', name='Sunset Powerlines Time Lapse', description='http://www.beachfrontbroll.com/2016/06/1-completely-free-stock-footage-clip-of.html#more', releaseTime='2018-01-12T12:45:39.160Z', author=null, comments=null, captions=null}, Video{id='da2b08d4-a242-4170-b32a-4ec8cbdca701', name='PeerTube demo with Mastodon', description='PeerTube demonstration with Mastodon.', releaseTime='2018-01-05T14:07:54.967Z', author=null, comments=null, captions=null}, Video{id='d107698e-b473-4134-b491-24710e6e7b30', name='PeerTube_Mobile V1', description='Test', releaseTime='2017-12-13T18:27:44.977Z', author=null, comments=null, captions=null}, Video{id='841cb902-2a49-4b4e-9e76-ad60f507bd7a', name=' Framasoft, Degooglisons, CHATONS, questions éthiques pour les ingénieurs par Frédéric Urbain', description='Conférence captée le 7 mars 2017 par la Cellule d’Appui Pédagogique http://www.utc.fr/ 

![CC](https://i.creativecommons.org/l/by-sa/4.0/88x31.png)', releaseTime='2017-12-11T15:24:44.167Z', author=null, comments=null, captions=null}, Video{id='5a6133b8-3e0c-40dc-b859-69d0540c3fe5', name='Big Buck Bunny', description='Big Buck Bunny (code-named Peach) is a 2008 short computer-animated comedy film by the Blender Institute, part of the Blender Foundation.', releaseTime='2017-12-05T14:30:31.761Z', author=null, comments=null, captions=null}, Video{id='b1e5ba7e-2a8a-44d4-8151-aa8f5f6eafd9', name='Quelle infrastructure pour dégoogliser Internet ? (Nantes, JRES 2017)', description='En 2014, l'association Framasoft s'est lancée dans une campagne intitulée « Dégooglisons Internet ». Cette campagne se caractérise notamment par la mise à disposition de services en ligne reposant uniquement sur des logiciels libres, en alternativ...', releaseTime='2017-11-18T21:52:37.894Z', author=null, comments=null, captions=null}, Video{id='d2a5ec78-5f85-4090-8ec5-dc1102e022ea', name='Nothing to Hide (VOSTFR)', description='https://www.kickstarter.com/projects/1587081065/nothing-to-hide-the-documentary', releaseTime='2017-10-23T07:54:38.155Z', author=null, comments=null, captions=null}]
Tamaño de la respuesta: 15
]]></system-out>
  </testcase>
</testsuite>